<?xml version="1.0" encoding="UTF-8"?>
<!-- Generated by org.testng.reporters.JUnitReportReporter -->
<testsuite hostname="DESKTOP-J3AOCFC" failures="0" tests="1" name="manjuswt.pm1" time="0.017" errors="0" timestamp="2024-09-27T10:55:27 IST" skipped="0">
  <testcase classname="manjuswt.pm1" name="f" time="0.017"/>
  <system-out/>
</testsuite> <!-- manjuswt.pm1 -->
